User final saw his file sound.mp3 of id 185 at Wed, 08 Mar 2017 19:36:21 +0000
User final saw his file sound.mp3 of id 185 at Wed, 08 Mar 2017 19:36:53 +0000
User final saw his file hope.mp4 of id 186 at Wed, 08 Mar 2017 19:37:05 +0000
User final saw his file sound.mp3 of id 185 at Wed, 08 Mar 2017 19:58:17 +0000
User final saw his file dtfygujhijkolm.txt of id 184 at Wed, 08 Mar 2017 19:58:44 +0000
User admin created an account as admin at Wed, 08 Mar 2017 20:00:44 +0000
User admin connected himself at Wed, 08 Mar 2017 20:01:02 +0000
User admin uploaded file pictureTest, of id 187 at Wed, 08 Mar 2017 20:01:18 +0000
User admin saw his file pictureTest.jpg of id 187 at Wed, 08 Mar 2017 20:01:20 +0000
User admin renamed file (or folder) pictureTest.jpg, of id 187 into toto. at Wed, 08 Mar 2017 20:05:37 +0000
User admin uploaded file toImprove, of id 188 at Wed, 08 Mar 2017 20:39:40 +0000
User admin saw his file toImprove.txt of id 188 at Wed, 08 Mar 2017 20:39:47 +0000
User admin saw his file toto.jpg of id 187 at Wed, 08 Mar 2017 20:40:23 +0000
User admin saw his file toImprove.txt of id 188 at Wed, 08 Mar 2017 20:52:02 +0000
User admin saw his file toImprove.txt of id 188 at Wed, 08 Mar 2017 20:54:44 +0000
User admin saw his file toImprove.txt of id 188 at Wed, 08 Mar 2017 21:01:02 +0000
User admin saw his file toImprove.txt of id 188 at Wed, 08 Mar 2017 21:01:24 +0000
User admin saw his file toImprove.txt of id 188 at Wed, 08 Mar 2017 21:02:06 +0000
User admin saw his file toImprove.txt of id 188 at Wed, 08 Mar 2017 21:02:26 +0000
User admin wrote into his file toImprove.txt of id 188 at Wed, 08 Mar 2017 21:02:33 +0000
User admin saw his file toImprove.txt of id 188 at Wed, 08 Mar 2017 21:02:36 +0000
User admin connected himself at Wed, 08 Mar 2017 21:11:45 +0000
User admin created folder zerte, of id 189 at Wed, 08 Mar 2017 21:12:04 +0000
User admin moved file or folder toto.jpg of id 187 into folder zerte of id 189 at Wed, 08 Mar 2017 21:12:33 +0000
User admin deconnected himself at Wed, 08 Mar 2017 21:13:01 +0000
User admin connected himself at Thu, 09 Mar 2017 08:27:04 +0000
User admin deconnected himself at Thu, 09 Mar 2017 14:20:27 +0000
User admin connected himself at Thu, 09 Mar 2017 14:20:40 +0000
User admin saw his file toImprove.txt of id 188 at Thu, 09 Mar 2017 14:21:08 +0000
User admin wrote into his file toImprove.txt of id 188 at Thu, 09 Mar 2017 14:21:46 +0000
User admin moved file or folder toImprove.txt of id 188 into folder zerte of id 189 at Thu, 09 Mar 2017 16:55:54 +0000
User admin uploaded file some video, of id 190 at Fri, 10 Mar 2017 08:47:10 +0000
User admin saw his file some+video.mp4 of id 190 at Fri, 10 Mar 2017 08:47:13 +0000
User admin uploaded file audio, of id 191 at Fri, 10 Mar 2017 08:47:53 +0000
User admin saw his file audio.mp3 of id 191 at Fri, 10 Mar 2017 08:47:56 +0000
User admin created folder big+folder, of id 192 at Fri, 10 Mar 2017 08:48:26 +0000
User admin moved file or folder zerte of id 189 into folder big+folder of id 192 at Fri, 10 Mar 2017 08:48:29 +0000
User admin deconnected himself at Fri, 10 Mar 2017 08:48:32 +0000
User admin connected himself at Fri, 10 Mar 2017 08:48:36 +0000
User admin deconnected himself at Fri, 10 Mar 2017 09:05:58 +0000
User tygrfehujyht <grt>hyyjuyt created an account as tygrfehujyht <grt>hyyjuyt at Fri, 10 Mar 2017 10:51:41 +0000
User admin connected himself at Fri, 10 Mar 2017 10:52:01 +0000
User admin saw his file toto.jpg of id 187 at Fri, 10 Mar 2017 10:52:47 +0000
User admin saw his file toImprove.txt of id 188 at Fri, 10 Mar 2017 10:52:53 +0000
User admin wrote into his file toImprove.txt of id 188 at Fri, 10 Mar 2017 10:53:03 +0000
User admin saw his file toImprove.txt of id 188 at Fri, 10 Mar 2017 10:53:07 +0000
User admin replaced file toto.jpg, of id 187 by another file at Fri, 10 Mar 2017 10:53:20 +0000
User admin saw his file toto.jpg of id 187 at Fri, 10 Mar 2017 10:53:22 +0000
User admin wanted to replace file toto.jpg, of id 187 by a .jpg at Fri, 10 Mar 2017 10:53:29 +0000
User admin renamed file (or folder) toto.jpg, of id 187 into tyujkhg.. at Fri, 10 Mar 2017 10:53:44 +0000
User admin saw his file tyujkhg..jpg of id 187 at Fri, 10 Mar 2017 10:53:57 +0000
User admin erased file or folder tyujkhg..jpg of id 187 at Fri, 10 Mar 2017 10:54:30 +0000
User admin uploaded file tyui, of id 193 at Fri, 10 Mar 2017 10:54:43 +0000
User admin saw his file some+video.mp4 of id 190 at Fri, 10 Mar 2017 10:55:10 +0000
User admin saw his file audio.mp3 of id 191 at Fri, 10 Mar 2017 10:55:21 +0000
User admin moved file or folder audio.mp3 of id 191 into folder big+folder of id 192 at Fri, 10 Mar 2017 10:56:09 +0000
User admin moved file or folder audio.mp3 of id 191 into folder root of id root at Fri, 10 Mar 2017 10:56:23 +0000
User admin saw his file audio.mp3 of id 191 at Fri, 10 Mar 2017 10:56:56 +0000
User admin moved file or folder toImprove.txt of id 188 into folder big+folder of id 192 at Fri, 10 Mar 2017 10:58:20 +0000
User admin saw his file toImprove.txt of id 188 at Fri, 10 Mar 2017 10:58:23 +0000
User admin erased file or folder big+folder of id 192 at Fri, 10 Mar 2017 10:58:39 +0000
User admin deconnected himself at Fri, 10 Mar 2017 11:01:26 +0000
User admin connected himself at Fri, 10 Mar 2017 11:06:33 +0000
User admin created folder yttyh, of id 194 at Fri, 10 Mar 2017 11:06:40 +0000
User admin uploaded file ,nbv, of id 195 at Fri, 10 Mar 2017 11:06:58 +0000
User admin connected himself at Wed, 15 Mar 2017 11:09:53 +0000
User admin saw his file audio.mp3 of id 191 at Wed, 15 Mar 2017 11:09:58 +0000
User admin erased file or folder audio.mp3 of id 191 at Wed, 15 Mar 2017 11:10:03 +0000
User admin deconnected himself at Wed, 15 Mar 2017 11:10:09 +0000
User admin connected himself at Wed, 15 Mar 2017 11:10:11 +0000
User admin saw his file %2Cnbv.jpg of id 195 at Wed, 15 Mar 2017 11:11:31 +0000
User admin moved file or folder %2Cnbv.jpg of id 195 into folder root of id root at Wed, 15 Mar 2017 11:11:35 +0000
User admin saw his file %2Cnbv.jpg of id 195 at Wed, 15 Mar 2017 11:11:38 +0000
User admin erased file or folder %2Cnbv.jpg of id 195 at Wed, 15 Mar 2017 11:11:44 +0000
User admin uploaded file azertyaze, of id 196 at Wed, 15 Mar 2017 11:11:56 +0000
User admin moved file or folder azertyaze.jpg of id 196 into folder root of id root at Wed, 15 Mar 2017 11:13:33 +0000
User admin saw his file azertyaze.jpg of id 196 at Wed, 15 Mar 2017 11:17:31 +0000
User admin erased file or folder azertyaze.jpg of id 196 at Wed, 15 Mar 2017 11:17:35 +0000
User admin uploaded file utèy-(e, of id 197 at Wed, 15 Mar 2017 11:17:44 +0000
User admin saw his file ut%C3%A8y-%28e.jpg of id 197 at Wed, 15 Mar 2017 11:17:46 +0000
User admin moved file or folder ut%C3%A8y-%28e.jpg of id 197 into folder root of id root at Wed, 15 Mar 2017 11:25:02 +0000
User admin saw his file ut%C3%A8y-%28e.jpg of id 197 at Wed, 15 Mar 2017 11:25:06 +0000
User admin deconnected himself at Wed, 15 Mar 2017 11:25:08 +0000
User admin connected himself at Wed, 15 Mar 2017 11:25:11 +0000
User admin saw his file ut%C3%A8y-%28e.jpg of id 197 at Wed, 15 Mar 2017 11:25:12 +0000
User admin moved file or folder ut%C3%A8y-%28e.jpg of id 197 into folder yttyh of id 194 at Wed, 15 Mar 2017 11:25:16 +0000
User admin created folder test, of id 198 at Wed, 15 Mar 2017 11:25:23 +0000
User admin moved file or folder ut%C3%A8y-%28e.jpg of id 197 into folder test of id 198 at Wed, 15 Mar 2017 11:25:25 +0000
User admin saw his file ut%C3%A8y-%28e.jpg of id 197 at Wed, 15 Mar 2017 11:25:28 +0000
User admin moved file or folder ut%C3%A8y-%28e.jpg of id 197 into folder yttyh of id 194 at Wed, 15 Mar 2017 11:25:31 +0000
User admin saw his file ut%C3%A8y-%28e.jpg of id 197 at Wed, 15 Mar 2017 11:25:33 +0000
User admin moved file or folder ut%C3%A8y-%28e.jpg of id 197 into folder root of id root at Wed, 15 Mar 2017 11:25:43 +0000
User admin saw his file ut%C3%A8y-%28e.jpg of id 197 at Wed, 15 Mar 2017 11:25:47 +0000
User admin connected himself at Mon, 03 Apr 2017 15:55:20 +0000
User admin moved file or folder ut%C3%A8y-%28e.jpg of id 197 into folder yttyh of id 194 at Mon, 03 Apr 2017 15:59:29 +0000
User admin saw his file ut%C3%A8y-%28e.jpg of id 197 at Mon, 03 Apr 2017 15:59:32 +0000
User admin erased file or folder ut%C3%A8y-%28e.jpg of id 197 at Mon, 03 Apr 2017 15:59:35 +0000
User admin deconnected himself at Mon, 03 Apr 2017 15:59:37 +0000
User admin connected himself at Mon, 03 Apr 2017 15:59:39 +0000
User admin uploaded file jguhygf, of id 199 at Tue, 04 Apr 2017 14:00:32 +0000
User admin uploaded file khljh, of id 200 at Tue, 04 Apr 2017 14:00:46 +0000
User un test created an account as un test at Mon, 15 May 2017 14:36:20 +0000
User un test connected himself at Mon, 15 May 2017 14:36:35 +0000
User un test created folder try, of id 204 at Mon, 15 May 2017 14:37:48 +0000
User un test uploaded file test, of id 205 at Mon, 15 May 2017 14:38:03 +0000
User un test moved file or folder test.jpg of id 205 into folder try of id 204 at Mon, 15 May 2017 14:38:06 +0000
User un test saw his file test.jpg of id 205 at Mon, 15 May 2017 14:38:10 +0000
